Determining if the pthread_create exist failed with the following output:
Change Dir: /home/megatron/node_example/CMakeFiles/CMakeTmp

Run Build Command:/usr/bin/make "cmTryCompileExec678124058/fast"
/usr/bin/make -f CMakeFiles/cmTryCompileExec678124058.dir/build.make CMakeFiles/cmTryCompileExec678124058.dir/build
make[1]: Verzeichnis »/home/megatron/node_example/CMakeFiles/CMakeTmp« wird betreten
/usr/bin/cmake -E cmake_progress_report /home/megatron/node_example/CMakeFiles/CMakeTmp/CMakeFiles 1
Building C object CMakeFiles/cmTryCompileExec678124058.dir/CheckSymbolExists.c.o
/usr/bin/cc    -o CMakeFiles/cmTryCompileExec678124058.dir/CheckSymbolExists.c.o   -c /home/megatron/node_example/CMakeFiles/CMakeTmp/CheckSymbolExists.c
Linking C executable cmTryCompileExec678124058
/usr/bin/cmake -E cmake_link_script CMakeFiles/cmTryCompileExec678124058.dir/link.txt --verbose=1
/usr/bin/cc       CMakeFiles/cmTryCompileExec678124058.dir/CheckSymbolExists.c.o  -o cmTryCompileExec678124058 -rdynamic 
CMakeFiles/cmTryCompileExec678124058.dir/CheckSymbolExists.c.o: In Funktion `main':
CheckSymbolExists.c:(.text+0x16): Nicht definierter Verweis auf `pthread_create'
collect2: error: ld returned 1 exit status
make[1]: *** [cmTryCompileExec678124058] Fehler 1
make[1]: Verzeichnis »/home/megatron/node_example/CMakeFiles/CMakeTmp« wird verlassen
make: *** [cmTryCompileExec678124058/fast] Fehler 2

File /home/megatron/node_example/CMakeFiles/CMakeTmp/CheckSymbolExists.c:
/* */
#include <pthread.h>

int main(int argc, char** argv)
{
  (void)argv;
#ifndef pthread_create
  return ((int*)(&pthread_create))[argc];
#else
  (void)argc;
  return 0;
#endif
}

Determining if the function pthread_create exists in the pthreads failed with the following output:
Change Dir: /home/megatron/node_example/CMakeFiles/CMakeTmp

Run Build Command:/usr/bin/make "cmTryCompileExec1887005398/fast"
/usr/bin/make -f CMakeFiles/cmTryCompileExec1887005398.dir/build.make CMakeFiles/cmTryCompileExec1887005398.dir/build
make[1]: Verzeichnis »/home/megatron/node_example/CMakeFiles/CMakeTmp« wird betreten
/usr/bin/cmake -E cmake_progress_report /home/megatron/node_example/CMakeFiles/CMakeTmp/CMakeFiles 1
Building C object CMakeFiles/cmTryCompileExec1887005398.dir/CheckFunctionExists.c.o
/usr/bin/cc   -DCHECK_FUNCTION_EXISTS=pthread_create   -o CMakeFiles/cmTryCompileExec1887005398.dir/CheckFunctionExists.c.o   -c /usr/share/cmake-2.8/Modules/CheckFunctionExists.c
Linking C executable cmTryCompileExec1887005398
/usr/bin/cmake -E cmake_link_script CMakeFiles/cmTryCompileExec1887005398.dir/link.txt --verbose=1
/usr/bin/cc   -DCHECK_FUNCTION_EXISTS=pthread_create    CMakeFiles/cmTryCompileExec1887005398.dir/CheckFunctionExists.c.o  -o cmTryCompileExec1887005398 -rdynamic -lpthreads 
/usr/bin/ld: cannot find -lpthreads
collect2: error: ld returned 1 exit status
make[1]: *** [cmTryCompileExec1887005398] Fehler 1
make[1]: Verzeichnis »/home/megatron/node_example/CMakeFiles/CMakeTmp« wird verlassen
make: *** [cmTryCompileExec1887005398/fast] Fehler 2


